<?xml version="1.0" encoding="UTF-8"?>
<!-- Generated by org.testng.reporters.JUnitReportReporter -->
<testsuite hostname="The_Punisher" failures="0" tests="1" name="testScriptsYogitha.Practice" time="1.826" errors="0" timestamp="2023-10-26T15:10:46 IST" skipped="0">
  <testcase classname="testScriptsYogitha.Practice" name="runn" time="1.826"/>
  <system-out/>
</testsuite> <!-- testScriptsYogitha.Practice -->
