<?xml version="1.0" encoding="UTF-8"?>
<!-- Generated by org.testng.reporters.JUnitReportReporter -->
<testsuite hostname="The_Punisher" failures="0" tests="2" name="pomRepo.LogIn" time="2.245" errors="0" timestamp="2023-10-26T14:58:52 IST" skipped="0">
  <testcase classname="pomRepo.LogIn" name="logIn" time="1.222"/>
  <system-out/>
  <testcase classname="pomRepo.LogIn" name="logIn" time="1.023"/>
  <system-out/>
</testsuite> <!-- pomRepo.LogIn -->
