<?xml version="1.0" encoding="UTF-8"?>
<!-- Generated by org.testng.reporters.JUnitReportReporter -->
<testsuite hostname="The_Punisher" failures="0" tests="2" name="testScriptsYogitha.LoginTest" time="2.820" errors="0" timestamp="2023-10-25T12:41:14 IST" skipped="0">
  <testcase classname="testScriptsYogitha.LoginTest" name="logIn" time="1.732"/>
  <system-out/>
  <testcase classname="testScriptsYogitha.LoginTest" name="logIn" time="1.088"/>
  <system-out/>
</testsuite> <!-- testScriptsYogitha.LoginTest -->
