<?xml version="1.0" encoding="UTF-8"?>
<!-- Generated by org.testng.reporters.JUnitReportReporter -->
<testsuite hostname="The_Punisher" failures="0" tests="2" name="mohanScripts.testLogIn" time="1.946" errors="0" timestamp="2023-10-27T16:52:56 IST" skipped="0">
  <testcase classname="mohanScripts.testLogIn" name="logIn" time="1.015"/>
  <system-out/>
  <testcase classname="mohanScripts.testLogIn" name="logIn" time="0.931"/>
  <system-out/>
</testsuite> <!-- mohanScripts.testLogIn -->
