<?xml version="1.0" encoding="UTF-8"?>
<!-- Generated by org.testng.reporters.JUnitReportReporter -->
<testsuite hostname="The_Punisher" failures="0" tests="2" name="testScriptsYogitha.Login" time="2.568" errors="0" timestamp="2023-10-19T13:05:25 IST" skipped="0">
  <testcase classname="testScriptsYogitha.Login" name="logIn" time="1.058"/>
  <system-out/>
  <testcase classname="testScriptsYogitha.Login" name="logIn" time="1.510"/>
  <system-out/>
</testsuite> <!-- testScriptsYogitha.Login -->
