<?xml version="1.0" encoding="UTF-8"?>
<!-- Generated by org.testng.reporters.JUnitReportReporter -->
<testsuite hostname="The_Punisher" failures="0" tests="1" name="pomRepo.Testig1" time="0.007" errors="0" timestamp="2023-10-26T15:10:07 IST" skipped="0">
  <testcase classname="pomRepo.Testig1" name="funn" time="0.007"/>
  <system-out/>
</testsuite> <!-- pomRepo.Testig1 -->
