<?xml version="1.0" encoding="UTF-8"?>
<!-- Generated by org.testng.reporters.JUnitReportReporter -->
<testsuite hostname="The_Punisher" failures="0" tests="1" name="testScriptsYogitha.switchWindow" time="5.333" errors="0" timestamp="2023-10-28T12:02:29 IST" skipped="0">
  <testcase classname="testScriptsYogitha.switchWindow" name="switchToWindow" time="5.333"/>
  <system-out/>
</testsuite> <!-- testScriptsYogitha.switchWindow -->
